android/app/build/intermediates/manifest_merge_blame_file/debug/manifest-merger-blame-debug-report.txt
1<?xml version="1.0" encoding="utf-8"?>
2<manifest xmlns:android="http://schemas.android.com/apk/res/android"
3    package="com.example.meetcake"
4    android:versionCode="1"
5    android:versionName="1.0.0" >
6
7    <uses-sdk
8        android:minSdkVersion="23"
9        android:targetSdkVersion="34" />
10    <!--
11         The INTERNET permission is required for development. Specifically,
12         the Flutter tool needs it to communicate with the running application
13         to allow setting breakpoints, to provide hot reload, etc.
14    -->
15    <uses-permission android:name="android.permission.INTERNET" />
15-->src/main/AndroidManifest.xml:2:5-67
15-->src/main/AndroidManifest.xml:2:22-64
16    <uses-permission android:name="android.permission.ACCESS_FINE_LOCATION" />
16-->src/main/AndroidManifest.xml:3:5-79
16-->src/main/AndroidManifest.xml:3:22-76
17    <!--
18 Required to query activities that can process text, see:
19         https://developer.android.com/training/package-visibility and
20         https://developer.android.com/reference/android/content/Intent#ACTION_PROCESS_TEXT.
21
22         In particular, this is used by the Flutter engine in io.flutter.plugin.text.ProcessTextPlugin.
23    -->
24    <queries>
24-->src/main/AndroidManifest.xml:43:5-48:15
25        <intent>
25-->src/main/AndroidManifest.xml:44:9-47:18
26            <action android:name="android.intent.action.PROCESS_TEXT" />
26-->src/main/AndroidManifest.xml:45:13-72
26-->src/main/AndroidManifest.xml:45:21-70
27
28            <data android:mimeType="text/plain" />
28-->src/main/AndroidManifest.xml:46:13-50
28-->src/main/AndroidManifest.xml:46:19-48
29        </intent>
30        <!-- Needs to be explicitly declared on Android R+ -->
31        <package android:name="com.google.android.apps.maps" />
31-->[com.google.android.gms:play-services-maps:18.2.0] AndroidManifest.xml:33:9-64
31-->[com.google.android.gms:play-services-maps:18.2.0] AndroidManifest.xml:33:18-61
32    </queries>
33
34    <uses-permission android:name="android.permission.WAKE_LOCK" />
34-->[:firebase_messaging] AndroidManifest.xml:8:5-68
34-->[:firebase_messaging] AndroidManifest.xml:8:22-65
35    <uses-permission android:name="android.permission.ACCESS_NETWORK_STATE" /> <!-- Permissions options for the `notification` group -->
35-->[:firebase_messaging] AndroidManifest.xml:9:5-79
35-->[:firebase_messaging] AndroidManifest.xml:9:22-76
36    <uses-permission android:name="android.permission.POST_NOTIFICATIONS" />
36-->[:firebase_messaging] AndroidManifest.xml:11:5-77
36-->[:firebase_messaging] AndroidManifest.xml:11:22-74
37    <uses-permission android:name="android.permission.VIBRATE" /> <!-- Required by older versions of Google Play services to create IID tokens -->
37-->[:flutter_local_notifications] AndroidManifest.xml:7:5-66
37-->[:flutter_local_notifications] AndroidManifest.xml:7:22-63
38    <uses-permission android:name="com.google.android.c2dm.permission.RECEIVE" />
38-->[com.google.firebase:firebase-messaging:24.0.2] AndroidManifest.xml:26:5-82
38-->[com.google.firebase:firebase-messaging:24.0.2] AndroidManifest.xml:26:22-79
39    <uses-permission android:name="android.permission.ACCESS_WIFI_STATE" />
39-->[com.yandex.android:maps.mobile:4.6.1-full] AndroidManifest.xml:15:5-76
39-->[com.yandex.android:maps.mobile:4.6.1-full] AndroidManifest.xml:15:22-73
40    <uses-permission android:name="android.permission.CHANGE_WIFI_STATE" />
40-->[com.yandex.android:maps.mobile:4.6.1-full] AndroidManifest.xml:16:5-76
40-->[com.yandex.android:maps.mobile:4.6.1-full] AndroidManifest.xml:16:22-73
41    <uses-permission android:name="android.permission.RECEIVE_BOOT_COMPLETED" />
41-->[com.yandex.android:maps.mobile:4.6.1-full] AndroidManifest.xml:22:5-81
41-->[com.yandex.android:maps.mobile:4.6.1-full] AndroidManifest.xml:22:22-78
42    <uses-permission android:name="com.google.android.providers.gsf.permission.READ_GSERVICES" />
42-->[com.google.android.recaptcha:recaptcha:18.4.0] AndroidManifest.xml:9:5-98
42-->[com.google.android.recaptcha:recaptcha:18.4.0] AndroidManifest.xml:9:22-95
43
44    <uses-feature
44-->[com.google.android.gms:play-services-maps:18.2.0] AndroidManifest.xml:26:5-28:35
45        android:glEsVersion="0x00020000"
45-->[com.google.android.gms:play-services-maps:18.2.0] AndroidManifest.xml:27:9-41
46        android:required="true" />
46-->[com.google.android.gms:play-services-maps:18.2.0] AndroidManifest.xml:28:9-32
47
48    <uses-permission android:name="android.permission.FOREGROUND_SERVICE" />
48-->[androidx.work:work-runtime:2.8.1] AndroidManifest.xml:26:5-77
48-->[androidx.work:work-runtime:2.8.1] AndroidManifest.xml:26:22-74
49
50    <permission
50-->[androidx.core:core:1.13.1] AndroidManifest.xml:22:5-24:47
51        android:name="com.example.meetcake.DYNAMIC_RECEIVER_NOT_EXPORTED_PERMISSION"
51-->[androidx.core:core:1.13.1] AndroidManifest.xml:23:9-81
52        android:protectionLevel="signature" />
52-->[androidx.core:core:1.13.1] AndroidManifest.xml:24:9-44
53
54    <uses-permission android:name="com.example.meetcake.DYNAMIC_RECEIVER_NOT_EXPORTED_PERMISSION" />
54-->[androidx.core:core:1.13.1] AndroidManifest.xml:26:5-97
54-->[androidx.core:core:1.13.1] AndroidManifest.xml:26:22-94
55
56    <application
56-->src/main/AndroidManifest.xml:4:5-37:19
57        android:name="com.example.meetcake.MainApplication"
57-->src/main/AndroidManifest.xml:6:9-40
58        android:appComponentFactory="androidx.core.app.CoreComponentFactory"
58-->[androidx.core:core:1.13.1] AndroidManifest.xml:28:18-86
59        android:debuggable="true"
60        android:extractNativeLibs="false"
61        android:icon="@mipmap/launcher_icon"
61-->src/main/AndroidManifest.xml:7:9-45
62        android:label="meetcake" >
62-->src/main/AndroidManifest.xml:5:9-33
63        <activity
63-->src/main/AndroidManifest.xml:8:9-28:20
64            android:name="com.example.meetcake.MainActivity"
64-->src/main/AndroidManifest.xml:9:13-41
65            android:configChanges="orientation|keyboardHidden|keyboard|screenSize|smallestScreenSize|locale|layoutDirection|fontScale|screenLayout|density|uiMode"
65-->src/main/AndroidManifest.xml:13:13-163
66            android:exported="true"
66-->src/main/AndroidManifest.xml:10:13-36
67            android:hardwareAccelerated="true"
67-->src/main/AndroidManifest.xml:14:13-47
68            android:launchMode="singleTop"
68-->src/main/AndroidManifest.xml:11:13-43
69            android:theme="@style/LaunchTheme"
69-->src/main/AndroidManifest.xml:12:13-47
70            android:windowSoftInputMode="adjustResize" >
70-->src/main/AndroidManifest.xml:15:13-55
71
72            <!--
73                 Specifies an Android theme to apply to this Activity as soon as
74                 the Android process has started. This theme is visible to the user
75                 while the Flutter UI initializes. After that, this theme continues
76                 to determine the Window background behind the Flutter UI.
77            -->
78            <meta-data
78-->src/main/AndroidManifest.xml:20:13-23:17
79                android:name="io.flutter.embedding.android.NormalTheme"
79-->src/main/AndroidManifest.xml:21:15-70
80                android:resource="@style/NormalTheme" />
80-->src/main/AndroidManifest.xml:22:15-52
81
82            <intent-filter>
82-->src/main/AndroidManifest.xml:24:13-27:29
83                <action android:name="android.intent.action.MAIN" />
83-->src/main/AndroidManifest.xml:25:17-68
83-->src/main/AndroidManifest.xml:25:25-66
84
85                <category android:name="android.intent.category.LAUNCHER" />
85-->src/main/AndroidManifest.xml:26:17-76
85-->src/main/AndroidManifest.xml:26:27-74
86            </intent-filter>
87        </activity>
88        <!--
89             Don't delete the meta-data below.
90             This is used by the Flutter tool to generate GeneratedPluginRegistrant.java
91        -->
92        <meta-data
92-->src/main/AndroidManifest.xml:31:9-33:33
93            android:name="flutterEmbedding"
93-->src/main/AndroidManifest.xml:32:13-44
94            android:value="2" />
94-->src/main/AndroidManifest.xml:33:13-30
95        <meta-data
95-->src/main/AndroidManifest.xml:34:9-36:55
96            android:name="com.google.firebase.messaging.default_notification_channel_id"
96-->src/main/AndroidManifest.xml:35:13-89
97            android:value="high_importance_channel" />
97-->src/main/AndroidManifest.xml:36:13-52
98
99        <service
99-->[:cloud_firestore] AndroidManifest.xml:8:9-12:19
100            android:name="com.google.firebase.components.ComponentDiscoveryService"
100-->[:cloud_firestore] AndroidManifest.xml:8:18-89
101            android:directBootAware="true"
101-->[com.google.firebase:firebase-common:21.0.0] AndroidManifest.xml:32:13-43
102            android:exported="false" >
102-->[com.google.firebase:firebase-firestore:25.1.0] AndroidManifest.xml:16:13-37
103            <meta-data
103-->[:cloud_firestore] AndroidManifest.xml:9:13-11:85
104                android:name="com.google.firebase.components:io.flutter.plugins.firebase.firestore.FlutterFirebaseFirestoreRegistrar"
104-->[:cloud_firestore] AndroidManifest.xml:10:17-134
105                android:value="com.google.firebase.components.ComponentRegistrar" />
105-->[:cloud_firestore] AndroidManifest.xml:11:17-82
106            <meta-data
106-->[:firebase_auth] AndroidManifest.xml:9:13-11:85
107                android:name="com.google.firebase.components:io.flutter.plugins.firebase.auth.FlutterFirebaseAuthRegistrar"
107-->[:firebase_auth] AndroidManifest.xml:10:17-124
108                android:value="com.google.firebase.components.ComponentRegistrar" />
108-->[:firebase_auth] AndroidManifest.xml:11:17-82
109            <meta-data
109-->[:firebase_messaging] AndroidManifest.xml:36:13-38:85
110                android:name="com.google.firebase.components:io.flutter.plugins.firebase.messaging.FlutterFirebaseAppRegistrar"
110-->[:firebase_messaging] AndroidManifest.xml:37:17-128
111                android:value="com.google.firebase.components.ComponentRegistrar" />
111-->[:firebase_messaging] AndroidManifest.xml:38:17-82
112            <meta-data
112-->[:firebase_storage] AndroidManifest.xml:9:13-11:85
113                android:name="com.google.firebase.components:io.flutter.plugins.firebase.storage.FlutterFirebaseAppRegistrar"
113-->[:firebase_storage] AndroidManifest.xml:10:17-126
114                android:value="com.google.firebase.components.ComponentRegistrar" />
114-->[:firebase_storage] AndroidManifest.xml:11:17-82
115            <meta-data
115-->[:firebase_core] AndroidManifest.xml:9:13-11:85
116                android:name="com.google.firebase.components:io.flutter.plugins.firebase.core.FlutterFirebaseCoreRegistrar"
116-->[:firebase_core] AndroidManifest.xml:10:17-124
117                android:value="com.google.firebase.components.ComponentRegistrar" />
117-->[:firebase_core] AndroidManifest.xml:11:17-82
118            <meta-data
118-->[com.google.firebase:firebase-firestore:25.1.0] AndroidManifest.xml:17:13-19:85
119                android:name="com.google.firebase.components:com.google.firebase.firestore.FirebaseFirestoreKtxRegistrar"
119-->[com.google.firebase:firebase-firestore:25.1.0] AndroidManifest.xml:18:17-122
120                android:value="com.google.firebase.components.ComponentRegistrar" />
120-->[com.google.firebase:firebase-firestore:25.1.0] AndroidManifest.xml:19:17-82
121            <meta-data
121-->[com.google.firebase:firebase-firestore:25.1.0] AndroidManifest.xml:20:13-22:85
122                android:name="com.google.firebase.components:com.google.firebase.firestore.FirestoreRegistrar"
122-->[com.google.firebase:firebase-firestore:25.1.0] AndroidManifest.xml:21:17-111
123                android:value="com.google.firebase.components.ComponentRegistrar" />
123-->[com.google.firebase:firebase-firestore:25.1.0] AndroidManifest.xml:22:17-82
124            <meta-data
124-->[com.google.firebase:firebase-messaging:24.0.2] AndroidManifest.xml:57:13-59:85
125                android:name="com.google.firebase.components:com.google.firebase.messaging.FirebaseMessagingKtxRegistrar"
125-->[com.google.firebase:firebase-messaging:24.0.2] AndroidManifest.xml:58:17-122
126                android:value="com.google.firebase.components.ComponentRegistrar" />
126-->[com.google.firebase:firebase-messaging:24.0.2] AndroidManifest.xml:59:17-82
127            <meta-data
127-->[com.google.firebase:firebase-messaging:24.0.2] AndroidManifest.xml:60:13-62:85
128                android:name="com.google.firebase.components:com.google.firebase.messaging.FirebaseMessagingRegistrar"
128-->[com.google.firebase:firebase-messaging:24.0.2] AndroidManifest.xml:61:17-119
129                android:value="com.google.firebase.components.ComponentRegistrar" />
129-->[com.google.firebase:firebase-messaging:24.0.2] AndroidManifest.xml:62:17-82
130            <meta-data
130-->[com.google.firebase:firebase-storage:21.0.1] AndroidManifest.xml:30:13-32:85
131                android:name="com.google.firebase.components:com.google.firebase.storage.FirebaseStorageKtxRegistrar"
131-->[com.google.firebase:firebase-storage:21.0.1] AndroidManifest.xml:31:17-118
132                android:value="com.google.firebase.components.ComponentRegistrar" />
132-->[com.google.firebase:firebase-storage:21.0.1] AndroidManifest.xml:32:17-82
133            <meta-data
133-->[com.google.firebase:firebase-storage:21.0.1] AndroidManifest.xml:33:13-35:85
134                android:name="com.google.firebase.components:com.google.firebase.storage.StorageRegistrar"
134-->[com.google.firebase:firebase-storage:21.0.1] AndroidManifest.xml:34:17-107
135                android:value="com.google.firebase.components.ComponentRegistrar" />
135-->[com.google.firebase:firebase-storage:21.0.1] AndroidManifest.xml:35:17-82
136            <meta-data
136-->[com.google.firebase:firebase-installations:18.0.0] AndroidManifest.xml:15:13-17:85
137                android:name="com.google.firebase.components:com.google.firebase.installations.FirebaseInstallationsKtxRegistrar"
137-->[com.google.firebase:firebase-installations:18.0.0] AndroidManifest.xml:16:17-130
138                android:value="com.google.firebase.components.ComponentRegistrar" />
138-->[com.google.firebase:firebase-installations:18.0.0] AndroidManifest.xml:17:17-82
139            <meta-data
139-->[com.google.firebase:firebase-installations:18.0.0] AndroidManifest.xml:18:13-20:85
140                android:name="com.google.firebase.components:com.google.firebase.installations.FirebaseInstallationsRegistrar"
140-->[com.google.firebase:firebase-installations:18.0.0] AndroidManifest.xml:19:17-127
141                android:value="com.google.firebase.components.ComponentRegistrar" />
141-->[com.google.firebase:firebase-installations:18.0.0] AndroidManifest.xml:20:17-82
142            <meta-data
142-->[com.google.firebase:firebase-appcheck:18.0.0] AndroidManifest.xml:25:13-27:85
143                android:name="com.google.firebase.components:com.google.firebase.appcheck.FirebaseAppCheckKtxRegistrar"
143-->[com.google.firebase:firebase-appcheck:18.0.0] AndroidManifest.xml:26:17-120
144                android:value="com.google.firebase.components.ComponentRegistrar" />
144-->[com.google.firebase:firebase-appcheck:18.0.0] AndroidManifest.xml:27:17-82
145            <meta-data
145-->[com.google.firebase:firebase-appcheck:18.0.0] AndroidManifest.xml:28:13-30:85
146                android:name="com.google.firebase.components:com.google.firebase.appcheck.FirebaseAppCheckRegistrar"
146-->[com.google.firebase:firebase-appcheck:18.0.0] AndroidManifest.xml:29:17-117
147                android:value="com.google.firebase.components.ComponentRegistrar" />
147-->[com.google.firebase:firebase-appcheck:18.0.0] AndroidManifest.xml:30:17-82
148            <meta-data
148-->[com.google.firebase:firebase-common-ktx:21.0.0] AndroidManifest.xml:12:13-14:85
149                android:name="com.google.firebase.components:com.google.firebase.ktx.FirebaseCommonLegacyRegistrar"
149-->[com.google.firebase:firebase-common-ktx:21.0.0] AndroidManifest.xml:13:17-116
150                android:value="com.google.firebase.components.ComponentRegistrar" />
150-->[com.google.firebase:firebase-common-ktx:21.0.0] AndroidManifest.xml:14:17-82
151            <meta-data
151-->[com.google.firebase:firebase-auth:23.0.0] AndroidManifest.xml:69:13-71:85
152                android:name="com.google.firebase.components:com.google.firebase.auth.FirebaseAuthRegistrar"
152-->[com.google.firebase:firebase-auth:23.0.0] AndroidManifest.xml:70:17-109
153                android:value="com.google.firebase.components.ComponentRegistrar" />
153-->[com.google.firebase:firebase-auth:23.0.0] AndroidManifest.xml:71:17-82
154            <meta-data
154-->[com.google.firebase:firebase-common:21.0.0] AndroidManifest.xml:35:13-37:85
155                android:name="com.google.firebase.components:com.google.firebase.FirebaseCommonKtxRegistrar"
155-->[com.google.firebase:firebase-common:21.0.0] AndroidManifest.xml:36:17-109
156                android:value="com.google.firebase.components.ComponentRegistrar" />
156-->[com.google.firebase:firebase-common:21.0.0] AndroidManifest.xml:37:17-82
157            <meta-data
157-->[com.google.firebase:firebase-datatransport:18.2.0] AndroidManifest.xml:25:13-27:85
158                android:name="com.google.firebase.components:com.google.firebase.datatransport.TransportRegistrar"
158-->[com.google.firebase:firebase-datatransport:18.2.0] AndroidManifest.xml:26:17-115
159                android:value="com.google.firebase.components.ComponentRegistrar" />
159-->[com.google.firebase:firebase-datatransport:18.2.0] AndroidManifest.xml:27:17-82
160        </service>
161        <service
161-->[:firebase_messaging] AndroidManifest.xml:14:9-17:72
162            android:name="io.flutter.plugins.firebase.messaging.FlutterFirebaseMessagingBackgroundService"
162-->[:firebase_messaging] AndroidManifest.xml:15:13-107
163            android:exported="false"
163-->[:firebase_messaging] AndroidManifest.xml:16:13-37
164            android:permission="android.permission.BIND_JOB_SERVICE" />
164-->[:firebase_messaging] AndroidManifest.xml:17:13-69
165        <service
165-->[:firebase_messaging] AndroidManifest.xml:18:9-24:19
166            android:name="io.flutter.plugins.firebase.messaging.FlutterFirebaseMessagingService"
166-->[:firebase_messaging] AndroidManifest.xml:19:13-97
167            android:exported="false" >
167-->[:firebase_messaging] AndroidManifest.xml:20:13-37
168            <intent-filter>
168-->[:firebase_messaging] AndroidManifest.xml:21:13-23:29
169                <action android:name="com.google.firebase.MESSAGING_EVENT" />
169-->[:firebase_messaging] AndroidManifest.xml:22:17-78
169-->[:firebase_messaging] AndroidManifest.xml:22:25-75
170            </intent-filter>
171        </service>
172
173        <receiver
173-->[:firebase_messaging] AndroidManifest.xml:26:9-33:20
174            android:name="io.flutter.plugins.firebase.messaging.FlutterFirebaseMessagingReceiver"
174-->[:firebase_messaging] AndroidManifest.xml:27:13-98
175            android:exported="true"
175-->[:firebase_messaging] AndroidManifest.xml:28:13-36
176            android:permission="com.google.android.c2dm.permission.SEND" >
176-->[:firebase_messaging] AndroidManifest.xml:29:13-73
177            <intent-filter>
177-->[:firebase_messaging] AndroidManifest.xml:30:13-32:29
178                <action android:name="com.google.android.c2dm.intent.RECEIVE" />
178-->[:firebase_messaging] AndroidManifest.xml:31:17-81
178-->[:firebase_messaging] AndroidManifest.xml:31:25-78
179            </intent-filter>
180        </receiver>
181
182        <provider
182-->[:firebase_messaging] AndroidManifest.xml:41:9-45:38
183            android:name="io.flutter.plugins.firebase.messaging.FlutterFirebaseMessagingInitProvider"
183-->[:firebase_messaging] AndroidManifest.xml:42:13-102
184            android:authorities="com.example.meetcake.flutterfirebasemessaginginitprovider"
184-->[:firebase_messaging] AndroidManifest.xml:43:13-88
185            android:exported="false"
185-->[:firebase_messaging] AndroidManifest.xml:44:13-37
186            android:initOrder="99" />
186-->[:firebase_messaging] AndroidManifest.xml:45:13-35
187        <provider
187-->[:image_picker_android] AndroidManifest.xml:9:9-17:20
188            android:name="io.flutter.plugins.imagepicker.ImagePickerFileProvider"
188-->[:image_picker_android] AndroidManifest.xml:10:13-82
189            android:authorities="com.example.meetcake.flutter.image_provider"
189-->[:image_picker_android] AndroidManifest.xml:11:13-74
190            android:exported="false"
190-->[:image_picker_android] AndroidManifest.xml:12:13-37
191            android:grantUriPermissions="true" >
191-->[:image_picker_android] AndroidManifest.xml:13:13-47
192            <meta-data
192-->[:image_picker_android] AndroidManifest.xml:14:13-16:75
193                android:name="android.support.FILE_PROVIDER_PATHS"
193-->[:image_picker_android] AndroidManifest.xml:15:17-67
194                android:resource="@xml/flutter_image_picker_file_paths" />
194-->[:image_picker_android] AndroidManifest.xml:16:17-72
195        </provider> <!-- Trigger Google Play services to install the backported photo picker module. -->
196        <service
196-->[:image_picker_android] AndroidManifest.xml:19:9-31:19
197            android:name="com.google.android.gms.metadata.ModuleDependencies"
197-->[:image_picker_android] AndroidManifest.xml:20:13-78
198            android:enabled="false"
198-->[:image_picker_android] AndroidManifest.xml:21:13-36
199            android:exported="false" >
199-->[:image_picker_android] AndroidManifest.xml:22:13-37
200            <intent-filter>
200-->[:image_picker_android] AndroidManifest.xml:24:13-26:29
201                <action android:name="com.google.android.gms.metadata.MODULE_DEPENDENCIES" />
201-->[:image_picker_android] AndroidManifest.xml:25:17-94
201-->[:image_picker_android] AndroidManifest.xml:25:25-91
202            </intent-filter>
203
204            <meta-data
204-->[:image_picker_android] AndroidManifest.xml:28:13-30:36
205                android:name="photopicker_activity:0:required"
205-->[:image_picker_android] AndroidManifest.xml:29:17-63
206                android:value="" />
206-->[:image_picker_android] AndroidManifest.xml:30:17-33
207        </service>
208        <service
208-->[:geolocator_android] AndroidManifest.xml:8:9-12:56
209            android:name="com.baseflow.geolocator.GeolocatorLocationService"
209-->[:geolocator_android] AndroidManifest.xml:9:13-77
210            android:enabled="true"
210-->[:geolocator_android] AndroidManifest.xml:10:13-35
211            android:exported="false"
211-->[:geolocator_android] AndroidManifest.xml:11:13-37
212            android:foregroundServiceType="location" />
212-->[:geolocator_android] AndroidManifest.xml:12:13-53
213
214        <receiver
214-->[com.google.firebase:firebase-messaging:24.0.2] AndroidManifest.xml:29:9-40:20
215            android:name="com.google.firebase.iid.FirebaseInstanceIdReceiver"
215-->[com.google.firebase:firebase-messaging:24.0.2] AndroidManifest.xml:30:13-78
216            android:exported="true"
216-->[com.google.firebase:firebase-messaging:24.0.2] AndroidManifest.xml:31:13-36
217            android:permission="com.google.android.c2dm.permission.SEND" >
217-->[com.google.firebase:firebase-messaging:24.0.2] AndroidManifest.xml:32:13-73
218            <intent-filter>
218-->[:firebase_messaging] AndroidManifest.xml:30:13-32:29
219                <action android:name="com.google.android.c2dm.intent.RECEIVE" />
219-->[:firebase_messaging] AndroidManifest.xml:31:17-81
219-->[:firebase_messaging] AndroidManifest.xml:31:25-78
220            </intent-filter>
221
222            <meta-data
222-->[com.google.firebase:firebase-messaging:24.0.2] AndroidManifest.xml:37:13-39:40
223                android:name="com.google.android.gms.cloudmessaging.FINISHED_AFTER_HANDLED"
223-->[com.google.firebase:firebase-messaging:24.0.2] AndroidManifest.xml:38:17-92
224                android:value="true" />
224-->[com.google.firebase:firebase-messaging:24.0.2] AndroidManifest.xml:39:17-37
225        </receiver>
226        <!--
227             FirebaseMessagingService performs security checks at runtime,
228             but set to not exported to explicitly avoid allowing another app to call it.
229        -->
230        <service
230-->[com.google.firebase:firebase-messaging:24.0.2] AndroidManifest.xml:46:9-53:19
231            android:name="com.google.firebase.messaging.FirebaseMessagingService"
231-->[com.google.firebase:firebase-messaging:24.0.2] AndroidManifest.xml:47:13-82
232            android:directBootAware="true"
232-->[com.google.firebase:firebase-messaging:24.0.2] AndroidManifest.xml:48:13-43
233            android:exported="false" >
233-->[com.google.firebase:firebase-messaging:24.0.2] AndroidManifest.xml:49:13-37
234            <intent-filter android:priority="-500" >
234-->[:firebase_messaging] AndroidManifest.xml:21:13-23:29
235                <action android:name="com.google.firebase.MESSAGING_EVENT" />
235-->[:firebase_messaging] AndroidManifest.xml:22:17-78
235-->[:firebase_messaging] AndroidManifest.xml:22:25-75
236            </intent-filter>
237        </service>
238
239        <meta-data
239-->[com.yandex.android:maps.mobile:4.6.1-full] AndroidManifest.xml:25:9-27:38
240            android:name="yandex.maps.runtime.stl.linkage"
240-->[com.yandex.android:maps.mobile:4.6.1-full] AndroidManifest.xml:26:13-59
241            android:value="static" />
241-->[com.yandex.android:maps.mobile:4.6.1-full] AndroidManifest.xml:27:13-35
242
243        <service
243-->[com.yandex.android:maps.mobile:4.6.1-full] AndroidManifest.xml:29:9-32:72
244            android:name="com.yandex.runtime.connectivity.internal.ConnectivityService"
244-->[com.yandex.android:maps.mobile:4.6.1-full] AndroidManifest.xml:30:13-88
245            android:exported="true"
245-->[com.yandex.android:maps.mobile:4.6.1-full] AndroidManifest.xml:31:13-36
246            android:permission="android.permission.BIND_JOB_SERVICE" />
246-->[com.yandex.android:maps.mobile:4.6.1-full] AndroidManifest.xml:32:13-69
247
248        <activity
248-->[com.google.firebase:firebase-auth:23.0.0] AndroidManifest.xml:29:9-46:20
249            android:name="com.google.firebase.auth.internal.GenericIdpActivity"
249-->[com.google.firebase:firebase-auth:23.0.0] AndroidManifest.xml:30:13-80
250            android:excludeFromRecents="true"
250-->[com.google.firebase:firebase-auth:23.0.0] AndroidManifest.xml:31:13-46
251            android:exported="true"
251-->[com.google.firebase:firebase-auth:23.0.0] AndroidManifest.xml:32:13-36
252            android:launchMode="singleTask"
252-->[com.google.firebase:firebase-auth:23.0.0] AndroidManifest.xml:33:13-44
253            android:theme="@android:style/Theme.Translucent.NoTitleBar" >
253-->[com.google.firebase:firebase-auth:23.0.0] AndroidManifest.xml:34:13-72
254            <intent-filter>
254-->[com.google.firebase:firebase-auth:23.0.0] AndroidManifest.xml:35:13-45:29
255                <action android:name="android.intent.action.VIEW" />
255-->[com.google.firebase:firebase-auth:23.0.0] AndroidManifest.xml:36:17-69
255-->[com.google.firebase:firebase-auth:23.0.0] AndroidManifest.xml:36:25-66
256
257                <category android:name="android.intent.category.DEFAULT" />
257-->[com.google.firebase:firebase-auth:23.0.0] AndroidManifest.xml:38:17-76
257-->[com.google.firebase:firebase-auth:23.0.0] AndroidManifest.xml:38:27-73
258                <category android:name="android.intent.category.BROWSABLE" />
258-->[com.google.firebase:firebase-auth:23.0.0] AndroidManifest.xml:39:17-78
258-->[com.google.firebase:firebase-auth:23.0.0] AndroidManifest.xml:39:27-75
259
260                <data
260-->src/main/AndroidManifest.xml:46:13-50
261                    android:host="firebase.auth"
262                    android:path="/"
263                    android:scheme="genericidp" />
264            </intent-filter>
265        </activity>
266        <activity
266-->[com.google.firebase:firebase-auth:23.0.0] AndroidManifest.xml:47:9-64:20
267            android:name="com.google.firebase.auth.internal.RecaptchaActivity"
267-->[com.google.firebase:firebase-auth:23.0.0] AndroidManifest.xml:48:13-79
268            android:excludeFromRecents="true"
268-->[com.google.firebase:firebase-auth:23.0.0] AndroidManifest.xml:49:13-46
269            android:exported="true"
269-->[com.google.firebase:firebase-auth:23.0.0] AndroidManifest.xml:50:13-36
270            android:launchMode="singleTask"
270-->[com.google.firebase:firebase-auth:23.0.0] AndroidManifest.xml:51:13-44
271            android:theme="@android:style/Theme.Translucent.NoTitleBar" >
271-->[com.google.firebase:firebase-auth:23.0.0] AndroidManifest.xml:52:13-72
272            <intent-filter>
272-->[com.google.firebase:firebase-auth:23.0.0] AndroidManifest.xml:53:13-63:29
273                <action android:name="android.intent.action.VIEW" />
273-->[com.google.firebase:firebase-auth:23.0.0] AndroidManifest.xml:36:17-69
273-->[com.google.firebase:firebase-auth:23.0.0] AndroidManifest.xml:36:25-66
274
275                <category android:name="android.intent.category.DEFAULT" />
275-->[com.google.firebase:firebase-auth:23.0.0] AndroidManifest.xml:38:17-76
275-->[com.google.firebase:firebase-auth:23.0.0] AndroidManifest.xml:38:27-73
276                <category android:name="android.intent.category.BROWSABLE" />
276-->[com.google.firebase:firebase-auth:23.0.0] AndroidManifest.xml:39:17-78
276-->[com.google.firebase:firebase-auth:23.0.0] AndroidManifest.xml:39:27-75
277
278                <data
278-->src/main/AndroidManifest.xml:46:13-50
279                    android:host="firebase.auth"